Using pre-set license
Built from '2020.3/staging' branch; Version is '2020.3.41f1 (7c19dc9acfda) revision 8133084'; Using compiler version '192528614'; Build Type 'Release'
OS: 'Windows 10  (10.0.19044) 64bit Core' Language: 'en' Physical Memory: 8095 MB
BatchMode: 1, IsHumanControllingUs: 0, StartBugReporterOnCrash: 0, Is64bit: 1, IsPro: 0

COMMAND LINE ARGUMENTS:
C:\Program Files\Unity\Hub\Editor\2020.3.41f1\Editor\Unity.exe
-adb2
-batchMode
-noUpm
-name
AssetImportWorker0
-projectPath
C:/Users/Dell/My project
-logFile
Logs/AssetImportWorker0.log
-srvPort
53056
Successfully changed project path to: C:/Users/Dell/My project
C:/Users/Dell/My project
Using Asset Import Pipeline V2.
Refreshing native plugins compatible for Editor in 86.65 ms, found 3 plugins.
Preloading 0 native plugins for Editor in 0.00 ms.
Initialize engine version: 2020.3.41f1 (7c19dc9acfda)
[Subsystems] Discovering subsystems at path C:/Program Files/Unity/Hub/Editor/2020.3.41f1/Editor/Data/Resources/UnitySubsystems
[Subsystems] Discovering subsystems at path C:/Users/Dell/My project/Assets
GfxDevice: creating device client; threaded=0
Direct3D:
    Version:  Direct3D 11.0 [level 11.0]
    Renderer: NVIDIA GeForce 820M (ID=0x1140)
    Vendor:   
    VRAM:     1996 MB
    Driver:   10.18.13.5362
Initialize mono
Mono path[0] = 'C:/Program Files/Unity/Hub/Editor/2020.3.41f1/Editor/Data/Managed'
Mono path[1] = 'C:/Program Files/Unity/Hub/Editor/2020.3.41f1/Editor/Data/MonoBleedingEdge/lib/mono/unityjit'
Mono config path = 'C:/Program Files/Unity/Hub/Editor/2020.3.41f1/Editor/Data/MonoBleedingEdge/etc'
Using monoOptions --debugger-agent=transport=dt_socket,embedding=1,server=y,suspend=n,address=127.0.0.1:56952
Begin MonoManager ReloadAssembly
Registering precompiled unity dll's ...
Register platform support module: C:/Program Files/Unity/Hub/Editor/2020.3.41f1/Editor/Data/PlaybackEngines/WindowsStandaloneSupport/UnityEditor.WindowsStandalone.Extensions.dll
Registered in 0.003145 seconds.
Native extension for WindowsStandalone target not found
Refreshing native plugins compatible for Editor in 104.95 ms, found 3 plugins.
Preloading 0 native plugins for Editor in 0.00 ms.
Mono: successfully reloaded assembly
- Completed reload, in  1.011 seconds
Domain Reload Profiling:
	ReloadAssembly (1011ms)
		BeginReloadAssembly (114ms)
			ExecutionOrderSort (0ms)
			DisableScriptedObjects (0ms)
			BackupInstance (0ms)
			ReleaseScriptingObjects (0ms)
			CreateAndSetChildDomain (1ms)
		EndReloadAssembly (780ms)
			LoadAssemblies (111ms)
			RebuildTransferFunctionScriptingTraits (0ms)
			SetupTypeCache (243ms)
			ReleaseScriptCaches (0ms)
			RebuildScriptCaches (53ms)
			SetupLoadedEditorAssemblies (320ms)
				LogAssemblyErrors (0ms)
				InitializePlatformSupportModulesInManaged (8ms)
				SetLoadedEditorAssemblies (0ms)
				RefreshPlugins (105ms)
				BeforeProcessingInitializeOnLoad (30ms)
				ProcessInitializeOnLoadAttributes (130ms)
				ProcessInitializeOnLoadMethodAttributes (46ms)
				AfterProcessingInitializeOnLoad (0ms)
				EditorAssembliesLoaded (0ms)
			ExecutionOrderSort2 (0ms)
			AwakeInstancesAfterBackupRestoration (0ms)
Platform modules already initialized, skipping
Registering precompiled user dll's ...
Registered in 0.005106 seconds.
Begin MonoManager ReloadAssembly
Native extension for WindowsStandalone target not found
Refreshing native plugins compatible for Editor in 81.49 ms, found 3 plugins.
Preloading 0 native plugins for Editor in 0.00 ms.
Mono: successfully reloaded assembly
- Completed reload, in  1.975 seconds
Domain Reload Profiling:
	ReloadAssembly (1977ms)
		BeginReloadAssembly (250ms)
			ExecutionOrderSort (0ms)
			DisableScriptedObjects (7ms)
			BackupInstance (0ms)
			ReleaseScriptingObjects (0ms)
			CreateAndSetChildDomain (27ms)
		EndReloadAssembly (1631ms)
			LoadAssemblies (206ms)
			RebuildTransferFunctionScriptingTraits (0ms)
			SetupTypeCache (489ms)
			ReleaseScriptCaches (1ms)
			RebuildScriptCaches (86ms)
			SetupLoadedEditorAssemblies (698ms)
				LogAssemblyErrors (0ms)
				InitializePlatformSupportModulesInManaged (5ms)
				SetLoadedEditorAssemblies (0ms)
				RefreshPlugins (82ms)
				BeforeProcessingInitializeOnLoad (133ms)
				ProcessInitializeOnLoadAttributes (337ms)
				ProcessInitializeOnLoadMethodAttributes (131ms)
				AfterProcessingInitializeOnLoad (9ms)
				EditorAssembliesLoaded (0ms)
			ExecutionOrderSort2 (0ms)
			AwakeInstancesAfterBackupRestoration (3ms)
Platform modules already initialized, skipping
========================================================================
Worker process is ready to serve import requests
Launched and connected shader compiler UnityShaderCompiler.exe after 0.06 seconds
Refreshing native plugins compatible for Editor in 0.70 ms, found 3 plugins.
Preloading 0 native plugins for Editor in 0.00 ms.
Unloading 2226 Unused Serialized files (Serialized files now loaded: 0)
System memory in use before: 97.5 MB.
System memory in use after: 97.5 MB.

Unloading 31 unused Assets to reduce memory usage. Loaded Objects now: 2660.
Total: 4.630200 ms (FindLiveObjects: 0.221700 ms CreateObjectMapping: 0.131800 ms MarkObjects: 4.074000 ms  DeleteObjects: 0.201500 ms)

AssetImportParameters requested are different than current active one (requested -> active):
  custom:framework-win-MediaFoundation: 216162199b28c13a410421893ffa2e32 -> 
  custom:video-decoder-ogg-theora: a1e56fd34408186e4bbccfd4996cb3dc -> 
  custom:container-muxer-webm: aa71ff27fc2769a1b78a27578f13a17b -> 
  custom:container-demuxer-webm: 4f35f7cbe854078d1ac9338744f61a02 -> 
  custom:container-demuxer-ogg: 62fdf1f143b41e24485cea50d1cbac27 -> 
  custom:video-encoder-webm-vp8: eb34c28f22e8b96e1ab97ce403110664 -> 
  custom:video-decoder-webm-vp8: 9c59270c3fd7afecdb556c50c9e8de78 -> 
  custom:audio-decoder-ogg-vorbis: bf7c407c2cedff20999df2af8eb42d56 -> 
  custom:audio-encoder-webm-vorbis: bf7c407c2cedff20999df2af8eb42d56 -> 
========================================================================
Received Import Request.
  path: Assets/Animation/Cherry.anim
  artifactKey: Guid(eff4eccc7be23f84cb94e556601771d2) Importer(815301076,1909f56bfc062723c751e8b465ee728b)
Start importing Assets/Animation/Cherry.anim using Guid(eff4eccc7be23f84cb94e556601771d2) Importer(815301076,1909f56bfc062723c751e8b465ee728b)  -> (artifact id: '51c8cc5ca7616ce22c26220b9a2d3bc4') in 0.058656 seconds 
========================================================================
Received Import Request.
  Time since last request: 120.604092 seconds.
  path: Assets/Pixel Adventure 1/Assets/Traps
  artifactKey: Guid(031922c10d5cf6441a097003bc1e0c72) Importer(815301076,1909f56bfc062723c751e8b465ee728b)
Start importing Assets/Pixel Adventure 1/Assets/Traps using Guid(031922c10d5cf6441a097003bc1e0c72) Importer(815301076,1909f56bfc062723c751e8b465ee728b)  -> (artifact id: '05e5e0bbf31a649b8111df21ddd6bbaf') in 0.015304 seconds 
========================================================================
Received Import Request.
  Time since last request: 1.966344 seconds.
  path: Assets/Pixel Adventure 1/Assets/Traps/Blocks
  artifactKey: Guid(99d663dda9c80fd4b815007575a75050) Importer(815301076,1909f56bfc062723c751e8b465ee728b)
Start importing Assets/Pixel Adventure 1/Assets/Traps/Blocks using Guid(99d663dda9c80fd4b815007575a75050) Importer(815301076,1909f56bfc062723c751e8b465ee728b)  -> (artifact id: '03178d44c1fa5e874b20ee39872711be') in 0.014347 seconds 
========================================================================
Received Import Request.
  Time since last request: 0.402577 seconds.
  path: Assets/Pixel Adventure 1/Assets/Traps/Blocks/HitSide (22x22).png
  artifactKey: Guid(a93caedcaa299f14e978454757f38077) Importer(815301076,1909f56bfc062723c751e8b465ee728b)
Start importing Assets/Pixel Adventure 1/Assets/Traps/Blocks/HitSide (22x22).png using Guid(a93caedcaa299f14e978454757f38077) Importer(815301076,1909f56bfc062723c751e8b465ee728b)  -> (artifact id: '52baa14a66fbcf820aba964c0773c162') in 0.123303 seconds 
========================================================================
Received Import Request.
  Time since last request: 0.000432 seconds.
  path: Assets/Pixel Adventure 1/Assets/Traps/Blocks/Part 2 (22x22).png
  artifactKey: Guid(445c6df91e50ef74eb2589883bcc07d1) Importer(815301076,1909f56bfc062723c751e8b465ee728b)
Start importing Assets/Pixel Adventure 1/Assets/Traps/Blocks/Part 2 (22x22).png using Guid(445c6df91e50ef74eb2589883bcc07d1) Importer(815301076,1909f56bfc062723c751e8b465ee728b)  -> (artifact id: '4e3a1df896d8223c04b7e0998dd5a209') in 0.040382 seconds 
========================================================================
Received Import Request.
  Time since last request: 0.000367 seconds.
  path: Assets/Pixel Adventure 1/Assets/Traps/Blocks/HitTop (22x22).png
  artifactKey: Guid(cf4eb9361d321834693bc5dcefbb5c4f) Importer(815301076,1909f56bfc062723c751e8b465ee728b)
Start importing Assets/Pixel Adventure 1/Assets/Traps/Blocks/HitTop (22x22).png using Guid(cf4eb9361d321834693bc5dcefbb5c4f) Importer(815301076,1909f56bfc062723c751e8b465ee728b)  -> (artifact id: 'cefcd840aadd6b44589b53d91d5da8a5') in 0.048786 seconds 
========================================================================
Received Import Request.
  Time since last request: 0.000301 seconds.
  path: Assets/Pixel Adventure 1/Assets/Traps/Blocks/Idle.png
  artifactKey: Guid(8d9b0e740a31fbf448f91aaf8ea38ff8) Importer(815301076,1909f56bfc062723c751e8b465ee728b)
Start importing Assets/Pixel Adventure 1/Assets/Traps/Blocks/Idle.png using Guid(8d9b0e740a31fbf448f91aaf8ea38ff8) Importer(815301076,1909f56bfc062723c751e8b465ee728b)  -> (artifact id: 'e86d6a78a96039976e9da90c0e5e1c49') in 0.042818 seconds 
========================================================================
Received Import Request.
  Time since last request: 0.000310 seconds.
  path: Assets/Pixel Adventure 1/Assets/Traps/Blocks/Part 1 (22x22).png
  artifactKey: Guid(09f4b8f50dab5b34495ea64fc80b3047) Importer(815301076,1909f56bfc062723c751e8b465ee728b)
Start importing Assets/Pixel Adventure 1/Assets/Traps/Blocks/Part 1 (22x22).png using Guid(09f4b8f50dab5b34495ea64fc80b3047) Importer(815301076,1909f56bfc062723c751e8b465ee728b)  -> (artifact id: '2d5b3f8af121a7151483deb02b613ebe') in 0.048349 seconds 
========================================================================
Received Import Request.
  Time since last request: 5.616606 seconds.
  path: Assets/Pixel Adventure 1/Assets/Traps/Platforms
  artifactKey: Guid(1130458c4f2bec34b80fdf3fc00861b9) Importer(815301076,1909f56bfc062723c751e8b465ee728b)
Start importing Assets/Pixel Adventure 1/Assets/Traps/Platforms using Guid(1130458c4f2bec34b80fdf3fc00861b9) Importer(815301076,1909f56bfc062723c751e8b465ee728b)  -> (artifact id: 'c8bb78c0dc72b25f181434acce31fc8c') in 0.014589 seconds 
========================================================================
Received Import Request.
  Time since last request: 0.059471 seconds.
  path: Assets/Pixel Adventure 1/Assets/Traps/Platforms/Brown Off.png
  artifactKey: Guid(2cebb83e3d9b5b247be3eb722143beb7) Importer(815301076,1909f56bfc062723c751e8b465ee728b)
Start importing Assets/Pixel Adventure 1/Assets/Traps/Platforms/Brown Off.png using Guid(2cebb83e3d9b5b247be3eb722143beb7) Importer(815301076,1909f56bfc062723c751e8b465ee728b)  -> (artifact id: '694a01337af5fdfaf0e6a98277e60104') in 0.030785 seconds 
========================================================================
Received Import Request.
  Time since last request: 0.000364 seconds.
  path: Assets/Pixel Adventure 1/Assets/Traps/Platforms/Grey On (32x8).png
  artifactKey: Guid(7e73d0165dccc3745b6d9f293e19161c) Importer(815301076,1909f56bfc062723c751e8b465ee728b)
Start importing Assets/Pixel Adventure 1/Assets/Traps/Platforms/Grey On (32x8).png using Guid(7e73d0165dccc3745b6d9f293e19161c) Importer(815301076,1909f56bfc062723c751e8b465ee728b)  -> (artifact id: '7f1076bd19b516d584c7d4c108a2b3b9') in 0.056729 seconds 
========================================================================
Received Import Request.
  Time since last request: 0.000347 seconds.
  path: Assets/Pixel Adventure 1/Assets/Traps/Platforms/Grey Off.png
  artifactKey: Guid(19602dbd991e72f4c8df688afa341f3d) Importer(815301076,1909f56bfc062723c751e8b465ee728b)
Start importing Assets/Pixel Adventure 1/Assets/Traps/Platforms/Grey Off.png using Guid(19602dbd991e72f4c8df688afa341f3d) Importer(815301076,1909f56bfc062723c751e8b465ee728b)  -> (artifact id: '50314fba24278c949292a1083ffb1d3c') in 0.042262 seconds 
========================================================================
Received Import Request.
  Time since last request: 0.000322 seconds.
  path: Assets/Pixel Adventure 1/Assets/Traps/Platforms/Chain.png
  artifactKey: Guid(d9c5a449db91d51488798b761c22fb97) Importer(815301076,1909f56bfc062723c751e8b465ee728b)
Start importing Assets/Pixel Adventure 1/Assets/Traps/Platforms/Chain.png using Guid(d9c5a449db91d51488798b761c22fb97) Importer(815301076,1909f56bfc062723c751e8b465ee728b)  -> (artifact id: '3a4d75a957a7b933417aa925f0af24e0') in 0.043886 seconds 
========================================================================
Received Import Request.
  Time since last request: 0.000289 seconds.
  path: Assets/Pixel Adventure 1/Assets/Traps/Platforms/Brown On (32x8).png
  artifactKey: Guid(e242b62e7e6caee439fa1d024a8fa5bb) Importer(815301076,1909f56bfc062723c751e8b465ee728b)
Start importing Assets/Pixel Adventure 1/Assets/Traps/Platforms/Brown On (32x8).png using Guid(e242b62e7e6caee439fa1d024a8fa5bb) Importer(815301076,1909f56bfc062723c751e8b465ee728b)  -> (artifact id: 'b94ee0877ed5089d182627215f5493ac') in 0.059804 seconds 
========================================================================
Received Import Request.
  Time since last request: 4.056707 seconds.
  path: Assets/Pixel Adventure 1/Assets/Traps/Spike Head
  artifactKey: Guid(38d30b0f0a1730a44904666db2cb7cb3) Importer(815301076,1909f56bfc062723c751e8b465ee728b)
Start importing Assets/Pixel Adventure 1/Assets/Traps/Spike Head using Guid(38d30b0f0a1730a44904666db2cb7cb3) Importer(815301076,1909f56bfc062723c751e8b465ee728b)  -> (artifact id: '9e2b166ad5d98a2e7247a398577a1a0a') in 0.015174 seconds 
========================================================================
Received Import Request.
  Time since last request: 0.071462 seconds.
  path: Assets/Pixel Adventure 1/Assets/Traps/Spike Head/Blink (54x52).png
  artifactKey: Guid(6ed38972fd0f4024c91aca33394d3cdd) Importer(815301076,1909f56bfc062723c751e8b465ee728b)
Start importing Assets/Pixel Adventure 1/Assets/Traps/Spike Head/Blink (54x52).png using Guid(6ed38972fd0f4024c91aca33394d3cdd) Importer(815301076,1909f56bfc062723c751e8b465ee728b)  -> (artifact id: '5e276250976fa1de52c2d013bd5102df') in 0.038689 seconds 
========================================================================
Received Import Request.
  Time since last request: 0.000368 seconds.
  path: Assets/Pixel Adventure 1/Assets/Traps/Spike Head/Top Hit (54x52).png
  artifactKey: Guid(8123182af98fb8147a7d6e6bf458ba4b) Importer(815301076,1909f56bfc062723c751e8b465ee728b)
Start importing Assets/Pixel Adventure 1/Assets/Traps/Spike Head/Top Hit (54x52).png using Guid(8123182af98fb8147a7d6e6bf458ba4b) Importer(815301076,1909f56bfc062723c751e8b465ee728b)  -> (artifact id: 'ac6e6ae8e83a0497f635ad79cf2494a2') in 0.046105 seconds 
========================================================================
Received Import Request.
  Time since last request: 0.000355 seconds.
  path: Assets/Pixel Adventure 1/Assets/Traps/Spike Head/Bottom Hit (54x52).png
  artifactKey: Guid(d2223d6a7816d474b83187392732daf6) Importer(815301076,1909f56bfc062723c751e8b465ee728b)
Start importing Assets/Pixel Adventure 1/Assets/Traps/Spike Head/Bottom Hit (54x52).png using Guid(d2223d6a7816d474b83187392732daf6) Importer(815301076,1909f56bfc062723c751e8b465ee728b)  -> (artifact id: 'c4c60be8730c500fb4e25f5a551a0609') in 0.052468 seconds 
========================================================================
Received Import Request.
  Time since last request: 0.000421 seconds.
  path: Assets/Pixel Adventure 1/Assets/Traps/Spike Head/Right Hit (54x52).png
  artifactKey: Guid(75b1a2f7cb6173c4d826963a35f18512) Importer(815301076,1909f56bfc062723c751e8b465ee728b)
Start importing Assets/Pixel Adventure 1/Assets/Traps/Spike Head/Right Hit (54x52).png using Guid(75b1a2f7cb6173c4d826963a35f18512) Importer(815301076,1909f56bfc062723c751e8b465ee728b)  -> (artifact id: 'f0f4d6c0bf217272a3f457fdd0ce6f25') in 0.047621 seconds 
========================================================================
Received Import Request.
  Time since last request: 0.000321 seconds.
  path: Assets/Pixel Adventure 1/Assets/Traps/Spike Head/Left Hit (54x52).png
  artifactKey: Guid(680c4a3e214ba5b4d984cd56b1d49668) Importer(815301076,1909f56bfc062723c751e8b465ee728b)
Start importing Assets/Pixel Adventure 1/Assets/Traps/Spike Head/Left Hit (54x52).png using Guid(680c4a3e214ba5b4d984cd56b1d49668) Importer(815301076,1909f56bfc062723c751e8b465ee728b)  -> (artifact id: '6688a41a8bc2169a117df4d1251e6e9e') in 0.053113 seconds 
========================================================================
Received Import Request.
  Time since last request: 0.000276 seconds.
  path: Assets/Pixel Adventure 1/Assets/Traps/Spike Head/Idle.png
  artifactKey: Guid(1508ab85aab80754fb0213cd79267961) Importer(815301076,1909f56bfc062723c751e8b465ee728b)
Start importing Assets/Pixel Adventure 1/Assets/Traps/Spike Head/Idle.png using Guid(1508ab85aab80754fb0213cd79267961) Importer(815301076,1909f56bfc062723c751e8b465ee728b)  -> (artifact id: 'ecc9363977b5ecee2c3747d7d3142233') in 0.038358 seconds 
========================================================================
Received Import Request.
  Time since last request: 7.711206 seconds.
  path: Assets/Pixel Adventure 1/Assets/Traps/Arrow
  artifactKey: Guid(7234a5d23dcf2f041ade075d25722adf) Importer(815301076,1909f56bfc062723c751e8b465ee728b)
Start importing Assets/Pixel Adventure 1/Assets/Traps/Arrow using Guid(7234a5d23dcf2f041ade075d25722adf) Importer(815301076,1909f56bfc062723c751e8b465ee728b)  -> (artifact id: '81b07d7a44ba906a63564ff52b3c8fd8') in 0.019089 seconds 
========================================================================
Received Import Request.
  Time since last request: 1.363749 seconds.
  path: Assets/Pixel Adventure 1/Assets/Traps/Spikes
  artifactKey: Guid(1fd2c68c21079b748906c3da01195e68) Importer(815301076,1909f56bfc062723c751e8b465ee728b)
Start importing Assets/Pixel Adventure 1/Assets/Traps/Spikes using Guid(1fd2c68c21079b748906c3da01195e68) Importer(815301076,1909f56bfc062723c751e8b465ee728b)  -> (artifact id: '24e47ff77255a9708b009b7a06cbe6db') in 0.015841 seconds 
========================================================================
Received Import Request.
  Time since last request: 3.346026 seconds.
  path: Assets/Pixel Adventure 1/Assets/Traps/Spiked Ball
  artifactKey: Guid(34f66a7c3ba2abd498670acc3cecc736) Importer(815301076,1909f56bfc062723c751e8b465ee728b)
Start importing Assets/Pixel Adventure 1/Assets/Traps/Spiked Ball using Guid(34f66a7c3ba2abd498670acc3cecc736) Importer(815301076,1909f56bfc062723c751e8b465ee728b)  -> (artifact id: '37a5d806b6af2a0d13dc03c8feb6dc5f') in 0.015284 seconds 
========================================================================
Received Import Request.
  Time since last request: 7.065786 seconds.
  path: Assets/Pixel Adventure 1/Assets/Traps/Spikes/Idle.png
  artifactKey: Guid(da2176ef0629bfd42958a94b2bf225a4) Importer(815301076,1909f56bfc062723c751e8b465ee728b)
Start importing Assets/Pixel Adventure 1/Assets/Traps/Spikes/Idle.png using Guid(da2176ef0629bfd42958a94b2bf225a4) Importer(815301076,1909f56bfc062723c751e8b465ee728b)  -> (artifact id: 'cb5171185115692bf5484c1419e1dc95') in 0.025773 seconds 
========================================================================
Received Import Request.
  Time since last request: 46.771162 seconds.
  path: Assets/Pixel Adventure 1/Assets/Traps/Spikes/Idle.png
  artifactKey: Guid(da2176ef0629bfd42958a94b2bf225a4) Importer(815301076,1909f56bfc062723c751e8b465ee728b)
Start importing Assets/Pixel Adventure 1/Assets/Traps/Spikes/Idle.png using Guid(da2176ef0629bfd42958a94b2bf225a4) Importer(815301076,1909f56bfc062723c751e8b465ee728b)  -> (artifact id: '55217f7b603e050c220196602a6598d8') in 0.019255 seconds 
========================================================================
Received Prepare
Registering precompiled user dll's ...
Registered in 0.004935 seconds.
Begin MonoManager ReloadAssembly
Native extension for WindowsStandalone target not found
Refreshing native plugins compatible for Editor in 1.07 ms, found 3 plugins.
Preloading 0 native plugins for Editor in 0.00 ms.
Mono: successfully reloaded assembly
- Completed reload, in  3.426 seconds
Domain Reload Profiling:
	ReloadAssembly (3427ms)
		BeginReloadAssembly (336ms)
			ExecutionOrderSort (0ms)
			DisableScriptedObjects (9ms)
			BackupInstance (0ms)
			ReleaseScriptingObjects (0ms)
			CreateAndSetChildDomain (149ms)
		EndReloadAssembly (2980ms)
			LoadAssemblies (221ms)
			RebuildTransferFunctionScriptingTraits (0ms)
			SetupTypeCache (1182ms)
			ReleaseScriptCaches (2ms)
			RebuildScriptCaches (112ms)
			SetupLoadedEditorAssemblies (1011ms)
				LogAssemblyErrors (0ms)
				InitializePlatformSupportModulesInManaged (24ms)
				SetLoadedEditorAssemblies (1ms)
				RefreshPlugins (1ms)
				BeforeProcessingInitializeOnLoad (328ms)
				ProcessInitializeOnLoadAttributes (578ms)
				ProcessInitializeOnLoadMethodAttributes (48ms)
				AfterProcessingInitializeOnLoad (30ms)
				EditorAssembliesLoaded (1ms)
			ExecutionOrderSort2 (0ms)
			AwakeInstancesAfterBackupRestoration (14ms)
Platform modules already initialized, skipping
Refreshing native plugins compatible for Editor in 0.82 ms, found 3 plugins.
Preloading 0 native plugins for Editor in 0.00 ms.
Unloading 2221 Unused Serialized files (Serialized files now loaded: 0)
System memory in use before: 100.7 MB.
System memory in use after: 100.6 MB.

Unloading 20 unused Assets to reduce memory usage. Loaded Objects now: 2681.
Total: 6.814000 ms (FindLiveObjects: 0.288900 ms CreateObjectMapping: 0.497900 ms MarkObjects: 5.837800 ms  DeleteObjects: 0.188000 ms)

AssetImportParameters requested are different than current active one (requested -> active):
  custom:framework-win-MediaFoundation: 216162199b28c13a410421893ffa2e32 -> 
  custom:video-decoder-ogg-theora: a1e56fd34408186e4bbccfd4996cb3dc -> 
  custom:container-muxer-webm: aa71ff27fc2769a1b78a27578f13a17b -> 
  custom:container-demuxer-webm: 4f35f7cbe854078d1ac9338744f61a02 -> 
  custom:container-demuxer-ogg: 62fdf1f143b41e24485cea50d1cbac27 -> 
  custom:video-encoder-webm-vp8: eb34c28f22e8b96e1ab97ce403110664 -> 
  custom:video-decoder-webm-vp8: 9c59270c3fd7afecdb556c50c9e8de78 -> 
  custom:audio-decoder-ogg-vorbis: bf7c407c2cedff20999df2af8eb42d56 -> 
  custom:audio-encoder-webm-vorbis: bf7c407c2cedff20999df2af8eb42d56 -> 
========================================================================
Received Import Request.
  Time since last request: 194.882937 seconds.
  path: Assets/Animation/Player_Dead.anim
  artifactKey: Guid(d62758e42c61942479d8b971b2a13deb) Importer(815301076,1909f56bfc062723c751e8b465ee728b)
Start importing Assets/Animation/Player_Dead.anim using Guid(d62758e42c61942479d8b971b2a13deb) Importer(815301076,1909f56bfc062723c751e8b465ee728b)  -> (artifact id: 'd6463d577e0f119c87d1c8418863721b') in 0.041195 seconds 
========================================================================
Received Import Request.
  Time since last request: 74.458418 seconds.
  path: Assets/Pixel Adventure 1/Assets/Other/Confetti (16x16).png
  artifactKey: Guid(84e73c5fcbc3d324a9bebf3715abc565) Importer(815301076,1909f56bfc062723c751e8b465ee728b)
Start importing Assets/Pixel Adventure 1/Assets/Other/Confetti (16x16).png using Guid(84e73c5fcbc3d324a9bebf3715abc565) Importer(815301076,1909f56bfc062723c751e8b465ee728b)  -> (artifact id: 'a735e3eb462faad760a25a264719f9b9') in 0.086012 seconds 
========================================================================
Received Import Request.
  Time since last request: 0.000381 seconds.
  path: Assets/Pixel Adventure 1/Assets/Other/Dust Particle.png
  artifactKey: Guid(e7980a08b8e9f3c4bbe56762604cba98) Importer(815301076,1909f56bfc062723c751e8b465ee728b)
Start importing Assets/Pixel Adventure 1/Assets/Other/Dust Particle.png using Guid(e7980a08b8e9f3c4bbe56762604cba98) Importer(815301076,1909f56bfc062723c751e8b465ee728b)  -> (artifact id: 'da8732d34f76adc0352f77668fd3ce0d') in 0.042771 seconds 
========================================================================
Received Import Request.
  Time since last request: 0.000359 seconds.
  path: Assets/Pixel Adventure 1/Assets/Other/Shadow.png
  artifactKey: Guid(38ea9af89efd60b4ab324ed5b168cb13) Importer(815301076,1909f56bfc062723c751e8b465ee728b)
Start importing Assets/Pixel Adventure 1/Assets/Other/Shadow.png using Guid(38ea9af89efd60b4ab324ed5b168cb13) Importer(815301076,1909f56bfc062723c751e8b465ee728b)  -> (artifact id: 'afa45b43b3d7e6ee66a282d0b1045cfa') in 0.044922 seconds 
========================================================================
Received Import Request.
  Time since last request: 0.000289 seconds.
  path: Assets/Pixel Adventure 1/Assets/Other/Transition.png
  artifactKey: Guid(af34cad9a50a94c42b0907fd58d6f99c) Importer(815301076,1909f56bfc062723c751e8b465ee728b)
Start importing Assets/Pixel Adventure 1/Assets/Other/Transition.png using Guid(af34cad9a50a94c42b0907fd58d6f99c) Importer(815301076,1909f56bfc062723c751e8b465ee728b)  -> (artifact id: 'f5246bd68e0347c0e913e81085de6310') in 0.045596 seconds 
========================================================================
Received Import Request.
  Time since last request: 98.177889 seconds.
  path: Assets/Pixel Adventure 1/Assets/Main Characters/Appearing (96x96).png
  artifactKey: Guid(3421078018dc3934a8c1ab3b7bf89aa0) Importer(815301076,1909f56bfc062723c751e8b465ee728b)
Start importing Assets/Pixel Adventure 1/Assets/Main Characters/Appearing (96x96).png using Guid(3421078018dc3934a8c1ab3b7bf89aa0) Importer(815301076,1909f56bfc062723c751e8b465ee728b)  -> (artifact id: '85472b6a5be762109c8d8a52d1a3d471') in 0.065446 seconds 
========================================================================
Received Import Request.
  Time since last request: 0.000331 seconds.
  path: Assets/Pixel Adventure 1/Assets/Main Characters/Desappearing (96x96).png
  artifactKey: Guid(99e1beacf34e67c42afd2d344aefcc3c) Importer(815301076,1909f56bfc062723c751e8b465ee728b)
Start importing Assets/Pixel Adventure 1/Assets/Main Characters/Desappearing (96x96).png using Guid(99e1beacf34e67c42afd2d344aefcc3c) Importer(815301076,1909f56bfc062723c751e8b465ee728b)  -> (artifact id: 'dbbdb02af6a5fb5aa245f4b5657f3299') in 0.070937 seconds 
========================================================================
Received Import Request.
  Time since last request: 79.427992 seconds.
  path: Assets/Animation/Player_.anim
  artifactKey: Guid(bd295d8e675e475479da84e362ffe2b0) Importer(815301076,1909f56bfc062723c751e8b465ee728b)
Start importing Assets/Animation/Player_.anim using Guid(bd295d8e675e475479da84e362ffe2b0) Importer(815301076,1909f56bfc062723c751e8b465ee728b)  -> (artifact id: '0f38dc520f743b90d9e75c69c7947b89') in 0.013468 seconds 
========================================================================
Received Import Request.
  Time since last request: 40.053417 seconds.
  path: Assets/Animation/Player_Appearing.anim
  artifactKey: Guid(bd295d8e675e475479da84e362ffe2b0) Importer(815301076,1909f56bfc062723c751e8b465ee728b)
Start importing Assets/Animation/Player_Appearing.anim using Guid(bd295d8e675e475479da84e362ffe2b0) Importer(815301076,1909f56bfc062723c751e8b465ee728b)  -> (artifact id: '39d1783d841a9356b2ea8ccba252fa66') in 0.017717 seconds 
========================================================================
Received Import Request.
  Time since last request: 15.353589 seconds.
  path: Assets/Animation/Player.controller
  artifactKey: Guid(f1f3a0ec5c9b39e449d8699a8ed628c9) Importer(815301076,1909f56bfc062723c751e8b465ee728b)
Start importing Assets/Animation/Player.controller using Guid(f1f3a0ec5c9b39e449d8699a8ed628c9) Importer(815301076,1909f56bfc062723c751e8b465ee728b)  -> (artifact id: '6e418f66b7be9700869c2e06f929cb61') in 0.032250 seconds 
========================================================================
Received Prepare
Registering precompiled user dll's ...
Registered in 0.004914 seconds.
Begin MonoManager ReloadAssembly
Native extension for WindowsStandalone target not found
Refreshing native plugins compatible for Editor in 0.91 ms, found 3 plugins.
Preloading 0 native plugins for Editor in 0.00 ms.
Mono: successfully reloaded assembly
- Completed reload, in  1.642 seconds
Domain Reload Profiling:
	ReloadAssembly (1643ms)
		BeginReloadAssembly (177ms)
			ExecutionOrderSort (0ms)
			DisableScriptedObjects (10ms)
			BackupInstance (0ms)
			ReleaseScriptingObjects (0ms)
			CreateAndSetChildDomain (53ms)
		EndReloadAssembly (1368ms)
			LoadAssemblies (161ms)
			RebuildTransferFunctionScriptingTraits (0ms)
			SetupTypeCache (516ms)
			ReleaseScriptCaches (2ms)
			RebuildScriptCaches (82ms)
			SetupLoadedEditorAssemblies (469ms)
				LogAssemblyErrors (0ms)
				InitializePlatformSupportModulesInManaged (7ms)
				SetLoadedEditorAssemblies (2ms)
				RefreshPlugins (1ms)
				BeforeProcessingInitializeOnLoad (139ms)
				ProcessInitializeOnLoadAttributes (288ms)
				ProcessInitializeOnLoadMethodAttributes (23ms)
				AfterProcessingInitializeOnLoad (9ms)
				EditorAssembliesLoaded (0ms)
			ExecutionOrderSort2 (0ms)
			AwakeInstancesAfterBackupRestoration (7ms)
Platform modules already initialized, skipping
Refreshing native plugins compatible for Editor in 0.77 ms, found 3 plugins.
Preloading 0 native plugins for Editor in 0.00 ms.
Unloading 2221 Unused Serialized files (Serialized files now loaded: 0)
System memory in use before: 100.7 MB.
System memory in use after: 100.7 MB.

Unloading 20 unused Assets to reduce memory usage. Loaded Objects now: 2691.
Total: 4.889000 ms (FindLiveObjects: 0.288600 ms CreateObjectMapping: 0.236200 ms MarkObjects: 4.185900 ms  DeleteObjects: 0.177000 ms)

AssetImportParameters requested are different than current active one (requested -> active):
  custom:framework-win-MediaFoundation: 216162199b28c13a410421893ffa2e32 -> 
  custom:video-decoder-ogg-theora: a1e56fd34408186e4bbccfd4996cb3dc -> 
  custom:container-muxer-webm: aa71ff27fc2769a1b78a27578f13a17b -> 
  custom:container-demuxer-webm: 4f35f7cbe854078d1ac9338744f61a02 -> 
  custom:container-demuxer-ogg: 62fdf1f143b41e24485cea50d1cbac27 -> 
  custom:video-encoder-webm-vp8: eb34c28f22e8b96e1ab97ce403110664 -> 
  custom:video-decoder-webm-vp8: 9c59270c3fd7afecdb556c50c9e8de78 -> 
  custom:audio-decoder-ogg-vorbis: bf7c407c2cedff20999df2af8eb42d56 -> 
  custom:audio-encoder-webm-vorbis: bf7c407c2cedff20999df2af8eb42d56 -> 
========================================================================
Received Import Request.
  Time since last request: 279.178750 seconds.
  path: Assets/Animation/Cherry.controller
  artifactKey: Guid(39893bb431931704e84ce293238f5dec) Importer(815301076,1909f56bfc062723c751e8b465ee728b)
Start importing Assets/Animation/Cherry.controller using Guid(39893bb431931704e84ce293238f5dec) Importer(815301076,1909f56bfc062723c751e8b465ee728b)  -> (artifact id: '58abea2a82351dd0b55ed76bdc6ba111') in 0.035307 seconds 
========================================================================
Received Prepare
Registering precompiled user dll's ...
Registered in 0.005471 seconds.
Begin MonoManager ReloadAssembly
Native extension for WindowsStandalone target not found
Refreshing native plugins compatible for Editor in 0.78 ms, found 3 plugins.
Preloading 0 native plugins for Editor in 0.00 ms.
Mono: successfully reloaded assembly
- Completed reload, in  2.388 seconds
Domain Reload Profiling:
	ReloadAssembly (2389ms)
		BeginReloadAssembly (254ms)
			ExecutionOrderSort (0ms)
			DisableScriptedObjects (10ms)
			BackupInstance (0ms)
			ReleaseScriptingObjects (0ms)
			CreateAndSetChildDomain (53ms)
		EndReloadAssembly (1992ms)
			LoadAssemblies (253ms)
			RebuildTransferFunctionScriptingTraits (0ms)
			SetupTypeCache (617ms)
			ReleaseScriptCaches (3ms)
			RebuildScriptCaches (70ms)
			SetupLoadedEditorAssemblies (951ms)
				LogAssemblyErrors (0ms)
				InitializePlatformSupportModulesInManaged (7ms)
				SetLoadedEditorAssemblies (1ms)
				RefreshPlugins (1ms)
				BeforeProcessingInitializeOnLoad (185ms)
				ProcessInitializeOnLoadAttributes (690ms)
				ProcessInitializeOnLoadMethodAttributes (47ms)
				AfterProcessingInitializeOnLoad (20ms)
				EditorAssembliesLoaded (0ms)
			ExecutionOrderSort2 (0ms)
			AwakeInstancesAfterBackupRestoration (11ms)
Platform modules already initialized, skipping
Refreshing native plugins compatible for Editor in 0.80 ms, found 3 plugins.
Preloading 0 native plugins for Editor in 0.00 ms.
Unloading 2221 Unused Serialized files (Serialized files now loaded: 0)
System memory in use before: 100.8 MB.
System memory in use after: 100.7 MB.

Unloading 20 unused Assets to reduce memory usage. Loaded Objects now: 2694.
Total: 4.994400 ms (FindLiveObjects: 0.289300 ms CreateObjectMapping: 0.237500 ms MarkObjects: 4.262900 ms  DeleteObjects: 0.203600 ms)

AssetImportParameters requested are different than current active one (requested -> active):
  custom:framework-win-MediaFoundation: 216162199b28c13a410421893ffa2e32 -> 
  custom:video-decoder-ogg-theora: a1e56fd34408186e4bbccfd4996cb3dc -> 
  custom:container-muxer-webm: aa71ff27fc2769a1b78a27578f13a17b -> 
  custom:container-demuxer-webm: 4f35f7cbe854078d1ac9338744f61a02 -> 
  custom:container-demuxer-ogg: 62fdf1f143b41e24485cea50d1cbac27 -> 
  custom:video-encoder-webm-vp8: eb34c28f22e8b96e1ab97ce403110664 -> 
  custom:video-decoder-webm-vp8: 9c59270c3fd7afecdb556c50c9e8de78 -> 
  custom:audio-decoder-ogg-vorbis: bf7c407c2cedff20999df2af8eb42d56 -> 
  custom:audio-encoder-webm-vorbis: bf7c407c2cedff20999df2af8eb42d56 -> 
========================================================================
Received Prepare
Registering precompiled user dll's ...
Registered in 0.004618 seconds.
Begin MonoManager ReloadAssembly
Native extension for WindowsStandalone target not found
Refreshing native plugins compatible for Editor in 1.20 ms, found 3 plugins.
Preloading 0 native plugins for Editor in 0.00 ms.
Mono: successfully reloaded assembly
- Completed reload, in  2.288 seconds
Domain Reload Profiling:
	ReloadAssembly (2289ms)
		BeginReloadAssembly (230ms)
			ExecutionOrderSort (0ms)
			DisableScriptedObjects (11ms)
			BackupInstance (0ms)
			ReleaseScriptingObjects (0ms)
			CreateAndSetChildDomain (58ms)
		EndReloadAssembly (1840ms)
			LoadAssemblies (241ms)
			RebuildTransferFunctionScriptingTraits (0ms)
			SetupTypeCache (744ms)
			ReleaseScriptCaches (1ms)
			RebuildScriptCaches (89ms)
			SetupLoadedEditorAssemblies (625ms)
				LogAssemblyErrors (0ms)
				InitializePlatformSupportModulesInManaged (8ms)
				SetLoadedEditorAssemblies (1ms)
				RefreshPlugins (1ms)
				BeforeProcessingInitializeOnLoad (169ms)
				ProcessInitializeOnLoadAttributes (397ms)
				ProcessInitializeOnLoadMethodAttributes (33ms)
				AfterProcessingInitializeOnLoad (17ms)
				EditorAssembliesLoaded (0ms)
			ExecutionOrderSort2 (0ms)
			AwakeInstancesAfterBackupRestoration (12ms)
Platform modules already initialized, skipping
Refreshing native plugins compatible for Editor in 0.82 ms, found 3 plugins.
Preloading 0 native plugins for Editor in 0.00 ms.
Unloading 2221 Unused Serialized files (Serialized files now loaded: 0)
System memory in use before: 100.8 MB.
System memory in use after: 100.7 MB.

Unloading 20 unused Assets to reduce memory usage. Loaded Objects now: 2697.
Total: 9.653700 ms (FindLiveObjects: 0.300000 ms CreateObjectMapping: 0.250200 ms MarkObjects: 8.916000 ms  DeleteObjects: 0.186100 ms)

AssetImportParameters requested are different than current active one (requested -> active):
  custom:framework-win-MediaFoundation: 216162199b28c13a410421893ffa2e32 -> 
  custom:video-decoder-ogg-theora: a1e56fd34408186e4bbccfd4996cb3dc -> 
  custom:container-muxer-webm: aa71ff27fc2769a1b78a27578f13a17b -> 
  custom:container-demuxer-webm: 4f35f7cbe854078d1ac9338744f61a02 -> 
  custom:container-demuxer-ogg: 62fdf1f143b41e24485cea50d1cbac27 -> 
  custom:video-encoder-webm-vp8: eb34c28f22e8b96e1ab97ce403110664 -> 
  custom:video-decoder-webm-vp8: 9c59270c3fd7afecdb556c50c9e8de78 -> 
  custom:audio-decoder-ogg-vorbis: bf7c407c2cedff20999df2af8eb42d56 -> 
  custom:audio-encoder-webm-vorbis: bf7c407c2cedff20999df2af8eb42d56 -> 
========================================================================
Received Import Request.
  Time since last request: 202.570056 seconds.
  path: Assets/Animation/Player.controller
  artifactKey: Guid(f1f3a0ec5c9b39e449d8699a8ed628c9) Importer(815301076,1909f56bfc062723c751e8b465ee728b)
Start importing Assets/Animation/Player.controller using Guid(f1f3a0ec5c9b39e449d8699a8ed628c9) Importer(815301076,1909f56bfc062723c751e8b465ee728b)  -> (artifact id: '902023693f2bf8ca65d69e8e7f87d9e5') in 0.034481 seconds 
========================================================================
Received Import Request.
  Time since last request: 312.420406 seconds.
  path: Assets/Animation/Player.controller
  artifactKey: Guid(f1f3a0ec5c9b39e449d8699a8ed628c9) Importer(815301076,1909f56bfc062723c751e8b465ee728b)
Start importing Assets/Animation/Player.controller using Guid(f1f3a0ec5c9b39e449d8699a8ed628c9) Importer(815301076,1909f56bfc062723c751e8b465ee728b)  -> (artifact id: '31e27bd70d66e091a0199ced3e51e30c') in 0.015777 seconds 
========================================================================
Received Import Request.
  Time since last request: 74.682988 seconds.
  path: Assets/Animation/Player.controller
  artifactKey: Guid(f1f3a0ec5c9b39e449d8699a8ed628c9) Importer(815301076,1909f56bfc062723c751e8b465ee728b)
Start importing Assets/Animation/Player.controller using Guid(f1f3a0ec5c9b39e449d8699a8ed628c9) Importer(815301076,1909f56bfc062723c751e8b465ee728b)  -> (artifact id: '6c610670cc2c7a637e8a4192d9f70536') in 0.013876 seconds 
========================================================================
Received Prepare
Registering precompiled user dll's ...
Registered in 0.004575 seconds.
Begin MonoManager ReloadAssembly
Native extension for WindowsStandalone target not found
Refreshing native plugins compatible for Editor in 0.75 ms, found 3 plugins.
Preloading 0 native plugins for Editor in 0.00 ms.
Mono: successfully reloaded assembly
- Completed reload, in  1.825 seconds
Domain Reload Profiling:
	ReloadAssembly (1825ms)
		BeginReloadAssembly (208ms)
			ExecutionOrderSort (0ms)
			DisableScriptedObjects (15ms)
			BackupInstance (0ms)
			ReleaseScriptingObjects (0ms)
			CreateAndSetChildDomain (68ms)
		EndReloadAssembly (1481ms)
			LoadAssemblies (174ms)
			RebuildTransferFunctionScriptingTraits (0ms)
			SetupTypeCache (482ms)
			ReleaseScriptCaches (2ms)
			RebuildScriptCaches (70ms)
			SetupLoadedEditorAssemblies (616ms)
				LogAssemblyErrors (0ms)
				InitializePlatformSupportModulesInManaged (7ms)
				SetLoadedEditorAssemblies (1ms)
				RefreshPlugins (1ms)
				BeforeProcessingInitializeOnLoad (149ms)
				ProcessInitializeOnLoadAttributes (390ms)
				ProcessInitializeOnLoadMethodAttributes (50ms)
				AfterProcessingInitializeOnLoad (18ms)
				EditorAssembliesLoaded (0ms)
			ExecutionOrderSort2 (0ms)
			AwakeInstancesAfterBackupRestoration (10ms)
Platform modules already initialized, skipping
Refreshing native plugins compatible for Editor in 0.76 ms, found 3 plugins.
Preloading 0 native plugins for Editor in 0.00 ms.
Unloading 2221 Unused Serialized files (Serialized files now loaded: 0)
System memory in use before: 100.7 MB.
System memory in use after: 100.7 MB.

Unloading 20 unused Assets to reduce memory usage. Loaded Objects now: 2700.
Total: 5.747300 ms (FindLiveObjects: 0.322900 ms CreateObjectMapping: 0.315100 ms MarkObjects: 4.926000 ms  DeleteObjects: 0.182100 ms)

AssetImportParameters requested are different than current active one (requested -> active):
  custom:framework-win-MediaFoundation: 216162199b28c13a410421893ffa2e32 -> 
  custom:video-decoder-ogg-theora: a1e56fd34408186e4bbccfd4996cb3dc -> 
  custom:container-muxer-webm: aa71ff27fc2769a1b78a27578f13a17b -> 
  custom:container-demuxer-webm: 4f35f7cbe854078d1ac9338744f61a02 -> 
  custom:container-demuxer-ogg: 62fdf1f143b41e24485cea50d1cbac27 -> 
  custom:video-encoder-webm-vp8: eb34c28f22e8b96e1ab97ce403110664 -> 
  custom:video-decoder-webm-vp8: 9c59270c3fd7afecdb556c50c9e8de78 -> 
  custom:audio-decoder-ogg-vorbis: bf7c407c2cedff20999df2af8eb42d56 -> 
  custom:audio-encoder-webm-vorbis: bf7c407c2cedff20999df2af8eb42d56 -> 
========================================================================
Received Import Request.
  Time since last request: 54.362948 seconds.
  path: Assets/Scrips/PlayerLife.cs
  artifactKey: Guid(e1b315caca462c4438400563608c9e1f) Importer(815301076,1909f56bfc062723c751e8b465ee728b)
Start importing Assets/Scrips/PlayerLife.cs using Guid(e1b315caca462c4438400563608c9e1f) Importer(815301076,1909f56bfc062723c751e8b465ee728b)  -> (artifact id: '9b996b82dbc3e82ed7bb7a146fed1633') in 0.062059 seconds 
========================================================================
Received Prepare
Registering precompiled user dll's ...
Registered in 0.006185 seconds.
Begin MonoManager ReloadAssembly
Native extension for WindowsStandalone target not found
Refreshing native plugins compatible for Editor in 0.94 ms, found 3 plugins.
Preloading 0 native plugins for Editor in 0.00 ms.
Mono: successfully reloaded assembly
- Completed reload, in  2.615 seconds
Domain Reload Profiling:
	ReloadAssembly (2615ms)
		BeginReloadAssembly (430ms)
			ExecutionOrderSort (0ms)
			DisableScriptedObjects (14ms)
			BackupInstance (0ms)
			ReleaseScriptingObjects (0ms)
			CreateAndSetChildDomain (139ms)
		EndReloadAssembly (2015ms)
			LoadAssemblies (359ms)
			RebuildTransferFunctionScriptingTraits (0ms)
			SetupTypeCache (665ms)
			ReleaseScriptCaches (2ms)
			RebuildScriptCaches (66ms)
			SetupLoadedEditorAssemblies (823ms)
				LogAssemblyErrors (0ms)
				InitializePlatformSupportModulesInManaged (12ms)
				SetLoadedEditorAssemblies (1ms)
				RefreshPlugins (1ms)
				BeforeProcessingInitializeOnLoad (196ms)
				ProcessInitializeOnLoadAttributes (540ms)
				ProcessInitializeOnLoadMethodAttributes (55ms)
				AfterProcessingInitializeOnLoad (18ms)
				EditorAssembliesLoaded (1ms)
			ExecutionOrderSort2 (0ms)
			AwakeInstancesAfterBackupRestoration (14ms)
Platform modules already initialized, skipping
Refreshing native plugins compatible for Editor in 4.31 ms, found 3 plugins.
Preloading 0 native plugins for Editor in 0.00 ms.
Unloading 2222 Unused Serialized files (Serialized files now loaded: 0)
System memory in use before: 100.7 MB.
System memory in use after: 100.7 MB.

Unloading 20 unused Assets to reduce memory usage. Loaded Objects now: 2704.
Total: 5.629100 ms (FindLiveObjects: 0.327200 ms CreateObjectMapping: 0.327200 ms MarkObjects: 4.777900 ms  DeleteObjects: 0.195300 ms)

AssetImportParameters requested are different than current active one (requested -> active):
  custom:framework-win-MediaFoundation: 216162199b28c13a410421893ffa2e32 -> 
  custom:video-decoder-ogg-theora: a1e56fd34408186e4bbccfd4996cb3dc -> 
  custom:container-muxer-webm: aa71ff27fc2769a1b78a27578f13a17b -> 
  custom:container-demuxer-webm: 4f35f7cbe854078d1ac9338744f61a02 -> 
  custom:container-demuxer-ogg: 62fdf1f143b41e24485cea50d1cbac27 -> 
  custom:video-encoder-webm-vp8: eb34c28f22e8b96e1ab97ce403110664 -> 
  custom:video-decoder-webm-vp8: 9c59270c3fd7afecdb556c50c9e8de78 -> 
  custom:audio-decoder-ogg-vorbis: bf7c407c2cedff20999df2af8eb42d56 -> 
  custom:audio-encoder-webm-vorbis: bf7c407c2cedff20999df2af8eb42d56 -> 
========================================================================
Received Import Request.
  Time since last request: 149.412934 seconds.
  path: ProjectSettings/TagManager.asset
  artifactKey: Guid(00000000000000003000000000000000) Importer(815301076,1909f56bfc062723c751e8b465ee728b)
Start importing ProjectSettings/TagManager.asset using Guid(00000000000000003000000000000000) Importer(815301076,1909f56bfc062723c751e8b465ee728b)  -> (artifact id: '0c3674801bec7205b32adc6aae6a3b58') in 0.091648 seconds 
AssetImportWorkerClient::OnTransportError - code=2 error=End of file
